2022-05-18 01:15:24,821:INFO:PyCaret NLP Module
2022-05-18 01:15:24,822:INFO:version 2.3.10
2022-05-18 01:15:24,822:INFO:Initializing setup()
2022-05-18 01:15:24,823:INFO:USI: f2ab
2022-05-18 01:15:24,823:INFO:setup(data=(1000, 7), target=en, custom_stopwords=None, html=True, session_id=123, log_experiment=False,
                    experiment_name=None, log_plots=False, log_data=False, verbose=True)
2022-05-18 01:15:24,823:INFO:Checking environment
2022-05-18 01:15:24,824:INFO:python_version: 3.8.13
2022-05-18 01:15:24,824:INFO:python_build: ('default', 'Apr  7 2022 04:56:26')
2022-05-18 01:15:24,824:INFO:machine: x86_64
2022-05-18 01:15:24,824:INFO:platform: Linux-5.4.0-1074-azure-x86_64-with-glibc2.2.5
2022-05-18 01:15:24,825:INFO:Memory: svmem(total=8344256512, available=5967167488, percent=28.5, used=2052435968, free=146391040, active=3025633280, inactive=4442267648, buffers=573100032, cached=5572329472, shared=917504, slab=603389952)
2022-05-18 01:15:24,826:INFO:Physical Core: 2
2022-05-18 01:15:24,826:INFO:Logical Core: 4
2022-05-18 01:15:24,828:INFO:Checking libraries
2022-05-18 01:15:24,828:INFO:pd==1.4.2
2022-05-18 01:15:24,828:INFO:numpy==1.19.5
2022-05-18 01:15:24,890:INFO:gensim==3.8.3
2022-05-18 01:15:25,079:INFO:spacy==2.3.7
2022-05-18 01:15:25,393:INFO:nltk==3.7
2022-05-18 01:15:25,423:INFO:textblob==0.17.1
2022-05-18 01:15:25,446:INFO:pyLDAvis==3.2.2
2022-05-18 01:15:25,454:INFO:wordcloud==1.8.1
2022-05-18 01:15:25,454:INFO:mlflow==1.26.0
2022-05-18 01:15:25,454:INFO:Checking Exceptions
2022-05-18 01:15:26,055:INFO:Preloading libraries
2022-05-18 01:15:26,055:INFO:Preparing display monitor
2022-05-18 01:15:26,067:INFO:Importing libraries
2022-05-18 01:15:26,067:INFO:Declaring global variables
2022-05-18 01:15:26,068:INFO:Input provided : dataframe
2022-05-18 01:15:26,068:INFO:session_id set to : 123
2022-05-18 01:15:26,068:INFO:Copying training dataset
2022-05-18 01:15:26,068:INFO:Importing stopwords from nltk
2022-05-18 01:15:26,106:INFO:No custom stopwords defined
2022-05-18 01:15:26,107:INFO:Removing numeric characters from the text
2022-05-18 01:15:26,135:INFO:Removing special characters from the text
2022-05-18 01:15:26,303:INFO:Tokenizing Words
2022-05-18 01:15:26,644:INFO:Removing stopwords
2022-05-18 01:15:26,985:INFO:Extracting Bigrams
2022-05-18 01:15:27,797:INFO:Extracting Trigrams
2022-05-18 01:15:28,999:INFO:Lemmatizing tokens
2022-05-18 01:15:34,636:INFO:Removing stopwords after lemmatizing
2022-05-18 01:15:34,816:INFO:Creating corpus and dictionary
2022-05-18 01:15:34,932:INFO:Compiling processed text
2022-05-18 01:15:34,935:INFO:Compiling information grid
2022-05-18 01:15:35,194:INFO:setup() succesfully completed......................................
2022-05-18 01:15:51,908:INFO:PyCaret NLP Module
2022-05-18 01:15:51,909:INFO:version 2.3.10
2022-05-18 01:15:51,909:INFO:Initializing setup()
2022-05-18 01:15:51,909:INFO:USI: c0db
2022-05-18 01:15:51,909:INFO:setup(data=(1000, 7), target=en, custom_stopwords=None, html=True, session_id=123, log_experiment=False,
                    experiment_name=None, log_plots=False, log_data=False, verbose=True)
2022-05-18 01:15:51,909:INFO:Checking environment
2022-05-18 01:15:51,909:INFO:python_version: 3.8.13
2022-05-18 01:15:51,910:INFO:python_build: ('default', 'Apr  7 2022 04:56:26')
2022-05-18 01:15:51,910:INFO:machine: x86_64
2022-05-18 01:15:51,910:INFO:platform: Linux-5.4.0-1074-azure-x86_64-with-glibc2.2.5
2022-05-18 01:15:51,910:INFO:Memory: svmem(total=8344256512, available=5806141440, percent=30.4, used=2213269504, free=180023296, active=3181080576, inactive=4255846400, buffers=573140992, cached=5377822720, shared=917504, slab=597942272)
2022-05-18 01:15:51,910:INFO:Physical Core: 2
2022-05-18 01:15:51,910:INFO:Logical Core: 4
2022-05-18 01:15:51,911:INFO:Checking libraries
2022-05-18 01:15:51,911:INFO:pd==1.4.2
2022-05-18 01:15:51,911:INFO:numpy==1.19.5
2022-05-18 01:15:51,911:INFO:gensim==3.8.3
2022-05-18 01:15:51,911:INFO:spacy==2.3.7
2022-05-18 01:15:51,911:INFO:nltk==3.7
2022-05-18 01:15:51,911:INFO:textblob==0.17.1
2022-05-18 01:15:51,911:INFO:pyLDAvis==3.2.2
2022-05-18 01:15:51,911:INFO:wordcloud==1.8.1
2022-05-18 01:15:51,911:INFO:mlflow==1.26.0
2022-05-18 01:15:51,911:INFO:Checking Exceptions
2022-05-18 01:15:52,491:INFO:Preloading libraries
2022-05-18 01:15:52,491:INFO:Preparing display monitor
2022-05-18 01:15:52,503:INFO:Importing libraries
2022-05-18 01:15:52,503:INFO:Declaring global variables
2022-05-18 01:15:52,503:INFO:Input provided : dataframe
2022-05-18 01:15:52,504:INFO:session_id set to : 123
2022-05-18 01:15:52,504:INFO:Copying training dataset
2022-05-18 01:15:52,504:INFO:Importing stopwords from nltk
2022-05-18 01:15:52,505:INFO:No custom stopwords defined
2022-05-18 01:15:52,506:INFO:Removing numeric characters from the text
2022-05-18 01:15:52,533:INFO:Removing special characters from the text
2022-05-18 01:15:52,697:INFO:Tokenizing Words
2022-05-18 01:15:53,027:INFO:Removing stopwords
2022-05-18 01:15:53,357:INFO:Extracting Bigrams
2022-05-18 01:15:54,134:INFO:Extracting Trigrams
2022-05-18 01:15:55,359:INFO:Lemmatizing tokens
2022-05-18 01:16:00,573:INFO:Removing stopwords after lemmatizing
2022-05-18 01:16:00,754:INFO:Creating corpus and dictionary
2022-05-18 01:16:00,858:INFO:Compiling processed text
2022-05-18 01:16:00,861:INFO:Compiling information grid
2022-05-18 01:16:00,877:INFO:setup() succesfully completed......................................
2022-05-18 01:16:34,030:INFO:Initializing create_model()
2022-05-18 01:16:34,032:INFO:create_model(model=lda, multi_core=False, num_topics=None, verbose=True, system=True)
2022-05-18 01:16:34,032:INFO:Checking exceptions
2022-05-18 01:16:34,032:INFO:Preloading libraries
2022-05-18 01:16:34,033:INFO:Preparing display monitor
2022-05-18 01:16:34,046:INFO:Defining topic model
2022-05-18 01:16:34,046:INFO:Model: Latent Dirichlet Allocation
2022-05-18 01:16:34,046:INFO:Defining num_topics parameter
2022-05-18 01:16:34,046:INFO:num_topics set to: 4
2022-05-18 01:16:34,052:INFO:LdaModel imported successfully
2022-05-18 01:16:38,723:INFO:LdaModel trained successfully
2022-05-18 01:16:38,725:INFO:LdaModel(num_terms=4615, num_topics=4, decay=0.5, chunksize=100)
2022-05-18 01:16:38,725:INFO:create_model() succesfully completed......................................
2022-05-18 01:19:54,249:INFO:Initializing assign_model()
2022-05-18 01:19:54,249:INFO:assign_model(model=LdaModel(num_terms=4615, num_topics=4, decay=0.5, chunksize=100), verbose=True)
2022-05-18 01:19:54,250:INFO:Determining model type
2022-05-18 01:19:54,250:INFO:model type: lda
2022-05-18 01:19:54,250:INFO:Checking exceptions
2022-05-18 01:19:54,250:INFO:Preloading libraries
2022-05-18 01:19:54,250:INFO:Preparing display monitor
2022-05-18 01:19:54,984:INFO:(1000, 13)
2022-05-18 01:19:54,984:INFO:assign_model() succesfully completed......................................
2022-05-18 01:21:14,587:INFO:Initializing plot_model()
2022-05-18 01:21:14,588:INFO:plot_model(model=None, plot=frequency, topic_num=None, save=False, system=True)
2022-05-18 01:21:14,588:INFO:Checking exceptions
2022-05-18 01:21:14,588:INFO:Importing libraries
2022-05-18 01:21:14,886:INFO:save_param set to False
2022-05-18 01:21:14,886:INFO:plot type: frequency
2022-05-18 01:21:14,886:INFO:Rendering Visual
2022-05-18 01:21:14,886:WARNING:topic_num set to None. Plot generated at corpus level.
2022-05-18 01:21:14,887:INFO:Fitting CountVectorizer()
2022-05-18 01:21:15,107:INFO:Visual Rendered Successfully
2022-05-18 01:21:15,108:INFO:plot_model() succesfully completed......................................
2022-05-18 01:22:00,466:INFO:Initializing plot_model()
2022-05-18 01:22:00,466:INFO:plot_model(model=None, plot=bigram, topic_num=None, save=False, system=True)
2022-05-18 01:22:00,466:INFO:Checking exceptions
2022-05-18 01:22:00,467:INFO:Importing libraries
2022-05-18 01:22:00,509:INFO:save_param set to False
2022-05-18 01:22:00,509:INFO:plot type: bigram
2022-05-18 01:22:00,509:WARNING:topic_num set to None. Plot generated at corpus level.
2022-05-18 01:22:00,509:INFO:Fitting CountVectorizer()
2022-05-18 01:22:00,789:INFO:Rendering Visual
2022-05-18 01:22:00,822:INFO:Visual Rendered Successfully
2022-05-18 01:22:00,823:INFO:plot_model() succesfully completed......................................
2022-05-18 01:22:32,147:INFO:Initializing plot_model()
2022-05-18 01:22:32,147:INFO:plot_model(model=LdaModel(num_terms=4615, num_topics=4, decay=0.5, chunksize=100), plot=frequency, topic_num=Topic 1, save=False, system=True)
2022-05-18 01:22:32,147:INFO:Checking exceptions
2022-05-18 01:22:32,147:INFO:Importing libraries
2022-05-18 01:22:32,178:INFO:save_param set to False
2022-05-18 01:22:32,179:INFO:plot type: frequency
2022-05-18 01:22:32,179:INFO:Rendering Visual
2022-05-18 01:22:32,179:INFO:SubProcess assign_model() called ==================================
2022-05-18 01:22:32,179:INFO:Initializing assign_model()
2022-05-18 01:22:32,179:INFO:assign_model(model=LdaModel(num_terms=4615, num_topics=4, decay=0.5, chunksize=100), verbose=False)
2022-05-18 01:22:32,179:INFO:Determining model type
2022-05-18 01:22:32,179:INFO:model type: lda
2022-05-18 01:22:32,179:INFO:Checking exceptions
2022-05-18 01:22:32,180:INFO:Preloading libraries
2022-05-18 01:22:32,180:INFO:Preparing display monitor
2022-05-18 01:22:32,849:INFO:(1000, 13)
2022-05-18 01:22:32,850:INFO:assign_model() succesfully completed......................................
2022-05-18 01:22:32,851:INFO:SubProcess assign_model() end ==================================
2022-05-18 01:22:32,852:INFO:Fitting CountVectorizer()
2022-05-18 01:22:32,930:INFO:Visual Rendered Successfully
2022-05-18 01:22:32,934:INFO:plot_model() succesfully completed......................................
2022-05-18 01:23:07,619:INFO:Initializing plot_model()
2022-05-18 01:23:07,619:INFO:plot_model(model=LdaModel(num_terms=4615, num_topics=4, decay=0.5, chunksize=100), plot=topic_distribution, topic_num=None, save=False, system=True)
2022-05-18 01:23:07,619:INFO:Topic selected. topic_num : Topic 0
2022-05-18 01:23:07,620:INFO:Checking exceptions
2022-05-18 01:23:07,620:INFO:Importing libraries
2022-05-18 01:23:07,657:INFO:save_param set to False
2022-05-18 01:23:07,657:INFO:plot type: topic_distribution
2022-05-18 01:23:07,660:INFO:SubProcess assign_model() called ==================================
2022-05-18 01:23:07,661:INFO:Initializing assign_model()
2022-05-18 01:23:07,661:INFO:assign_model(model=LdaModel(num_terms=4615, num_topics=4, decay=0.5, chunksize=100), verbose=False)
2022-05-18 01:23:07,661:INFO:Determining model type
2022-05-18 01:23:07,661:INFO:model type: lda
2022-05-18 01:23:07,661:INFO:Checking exceptions
2022-05-18 01:23:07,661:INFO:Preloading libraries
2022-05-18 01:23:07,661:INFO:Preparing display monitor
2022-05-18 01:23:08,304:INFO:(1000, 13)
2022-05-18 01:23:08,304:INFO:assign_model() succesfully completed......................................
2022-05-18 01:23:08,305:INFO:SubProcess assign_model() end ==================================
2022-05-18 01:23:08,312:INFO:Sorting Dataframe
2022-05-18 01:23:08,313:INFO:Rendering Visual
2022-05-18 01:23:08,468:INFO:Visual Rendered Successfully
2022-05-18 01:23:08,468:INFO:plot_model() succesfully completed......................................
2022-05-18 01:23:36,312:INFO:Initializing plot_model()
2022-05-18 01:23:36,313:INFO:plot_model(model=LdaModel(num_terms=4615, num_topics=4, decay=0.5, chunksize=100), plot=tsne, topic_num=None, save=False, system=True)
2022-05-18 01:23:36,313:INFO:Topic selected. topic_num : Topic 0
2022-05-18 01:23:36,313:INFO:Checking exceptions
2022-05-18 01:23:36,313:INFO:Importing libraries
2022-05-18 01:23:36,341:INFO:save_param set to False
2022-05-18 01:23:36,342:INFO:plot type: tsne
2022-05-18 01:23:36,342:INFO:SubProcess assign_model() called ==================================
2022-05-18 01:23:36,342:INFO:Initializing assign_model()
2022-05-18 01:23:36,342:INFO:assign_model(model=LdaModel(num_terms=4615, num_topics=4, decay=0.5, chunksize=100), verbose=False)
2022-05-18 01:23:36,343:INFO:Determining model type
2022-05-18 01:23:36,343:INFO:model type: lda
2022-05-18 01:23:36,343:INFO:Checking exceptions
2022-05-18 01:23:36,343:INFO:Preloading libraries
2022-05-18 01:23:36,343:INFO:Preparing display monitor
2022-05-18 01:23:37,020:INFO:(1000, 13)
2022-05-18 01:23:37,020:INFO:assign_model() succesfully completed......................................
2022-05-18 01:23:37,021:INFO:SubProcess assign_model() end ==================================
2022-05-18 01:23:37,025:INFO:Fitting TSNE()
2022-05-18 01:23:43,552:INFO:Sorting Dataframe
2022-05-18 01:23:43,556:INFO:Rendering Visual
2022-05-18 01:23:43,640:INFO:Visual Rendered Successfully
2022-05-18 01:23:43,641:INFO:plot_model() succesfully completed......................................
2022-05-18 01:24:12,854:INFO:Initializing plot_model()
2022-05-18 01:24:12,854:INFO:plot_model(model=LdaModel(num_terms=4615, num_topics=4, decay=0.5, chunksize=100), plot=umap, topic_num=None, save=False, system=True)
2022-05-18 01:24:12,855:INFO:Topic selected. topic_num : Topic 0
2022-05-18 01:24:12,855:INFO:Checking exceptions
2022-05-18 01:24:12,855:INFO:Importing libraries
2022-05-18 01:24:12,886:INFO:save_param set to False
2022-05-18 01:24:12,886:INFO:plot type: umap
2022-05-18 01:24:21,555:INFO:Fitting TfidfVectorizer()
2022-05-18 01:24:21,607:INFO:Fitting KMeans()
2022-05-18 01:24:21,921:INFO:Fitting UMAP()
2022-05-18 01:24:28,709:INFO:Rendering Visual
2022-05-18 01:24:28,826:INFO:Visual Rendered Successfully
2022-05-18 01:24:28,827:INFO:plot_model() succesfully completed......................................
2022-05-18 01:25:10,541:INFO:Initializing plot_model()
2022-05-18 01:25:10,541:INFO:plot_model(model=LdaModel(num_terms=4615, num_topics=4, decay=0.5, chunksize=100), plot=frequency, topic_num=Topic 0, save=False, system=True)
2022-05-18 01:25:10,542:INFO:Checking exceptions
2022-05-18 01:25:10,542:INFO:Importing libraries
2022-05-18 01:25:10,544:INFO:save_param set to False
2022-05-18 01:25:10,544:INFO:plot type: frequency
2022-05-18 01:25:10,544:INFO:Rendering Visual
2022-05-18 01:25:10,544:INFO:SubProcess assign_model() called ==================================
2022-05-18 01:25:10,545:INFO:Initializing assign_model()
2022-05-18 01:25:10,545:INFO:assign_model(model=LdaModel(num_terms=4615, num_topics=4, decay=0.5, chunksize=100), verbose=False)
2022-05-18 01:25:10,545:INFO:Determining model type
2022-05-18 01:25:10,545:INFO:model type: lda
2022-05-18 01:25:10,545:INFO:Checking exceptions
2022-05-18 01:25:10,545:INFO:Preloading libraries
2022-05-18 01:25:10,545:INFO:Preparing display monitor
2022-05-18 01:25:11,245:INFO:(1000, 13)
2022-05-18 01:25:11,245:INFO:assign_model() succesfully completed......................................
2022-05-18 01:25:11,247:INFO:SubProcess assign_model() end ==================================
2022-05-18 01:25:11,249:INFO:Fitting CountVectorizer()
2022-05-18 01:25:11,337:INFO:Visual Rendered Successfully
2022-05-18 01:25:11,342:INFO:plot_model() succesfully completed......................................
2022-05-18 01:25:24,098:INFO:Initializing plot_model()
2022-05-18 01:25:24,098:INFO:plot_model(model=LdaModel(num_terms=4615, num_topics=4, decay=0.5, chunksize=100), plot=frequency, topic_num=Topic 2, save=False, system=True)
2022-05-18 01:25:24,098:INFO:Checking exceptions
2022-05-18 01:25:24,098:INFO:Importing libraries
2022-05-18 01:25:24,101:INFO:save_param set to False
2022-05-18 01:25:24,101:INFO:plot type: frequency
2022-05-18 01:25:24,101:INFO:Rendering Visual
2022-05-18 01:25:24,101:INFO:SubProcess assign_model() called ==================================
2022-05-18 01:25:24,101:INFO:Initializing assign_model()
2022-05-18 01:25:24,101:INFO:assign_model(model=LdaModel(num_terms=4615, num_topics=4, decay=0.5, chunksize=100), verbose=False)
2022-05-18 01:25:24,101:INFO:Determining model type
2022-05-18 01:25:24,101:INFO:model type: lda
2022-05-18 01:25:24,101:INFO:Checking exceptions
2022-05-18 01:25:24,101:INFO:Preloading libraries
2022-05-18 01:25:24,101:INFO:Preparing display monitor
2022-05-18 01:25:24,714:INFO:(1000, 13)
2022-05-18 01:25:24,714:INFO:assign_model() succesfully completed......................................
2022-05-18 01:25:24,715:INFO:SubProcess assign_model() end ==================================
2022-05-18 01:25:24,717:INFO:Fitting CountVectorizer()
2022-05-18 01:25:24,839:INFO:Visual Rendered Successfully
2022-05-18 01:25:24,839:INFO:plot_model() succesfully completed......................................
